warn: Microsoft.AspNetCore.Server.Kestrel.Core.KestrelServer[8]
      The ASP.NET Core developer certificate is not trusted. For information about trusting the ASP.NET Core developer certificate, see https://aka.ms/aspnet/https-trust-dev-cert.
info: Microsoft.Hosting.Lifetime[14]
      Now listening on: http://0.0.0.0:5000
info: Microsoft.Hosting.Lifetime[14]
      Now listening on: https://0.0.0.0:5001
info: Microsoft.Hosting.Lifetime[0]
      Application started. Press Ctrl+C to shut down.
info: Microsoft.Hosting.Lifetime[0]
      Hosting environment: Production
info: Microsoft.Hosting.Lifetime[0]
      Content root path: D:\Software\sfa-mobile\server
info: Microsoft.EntityFrameworkCore.Database.Command[20101]
      Executed DbCommand (1ms) [Parameters=[], CommandType='Text', CommandTimeout='30']
      SELECT [u].[Id], [u].[AllowedFeatures], [u].[Branch], [u].[City], [u].[CreatedAt], [u].[Department], [u].[Designation], [u].[DesignationLevel], [u].[Email], [u].[EmployeeCode], [u].[FullName], [u].[IsActive], [u].[Password], [u].[Phone], [u].[ReportsToId], [u].[Role], [u].[State], [u].[Territory], [u].[UpdatedAt], [u].[Username], [u0].[Id], [u0].[AllowedFeatures], [u0].[Branch], [u0].[City], [u0].[CreatedAt], [u0].[Department], [u0].[Designation], [u0].[DesignationLevel], [u0].[Email], [u0].[EmployeeCode], [u0].[FullName], [u0].[IsActive], [u0].[Password], [u0].[Phone], [u0].[ReportsToId], [u0].[Role], [u0].[State], [u0].[Territory], [u0].[UpdatedAt], [u0].[Username]
      FROM [user_sfa] AS [u]
      LEFT JOIN [user_sfa] AS [u0] ON [u].[ReportsToId] = [u0].[Id]
      ORDER BY [u].[CreatedAt] DESC
info: Microsoft.EntityFrameworkCore.Database.Command[20101]
      Executed DbCommand (49ms) [Parameters=[], CommandType='Text', CommandTimeout='30']
      SELECT [p].[Id], [p].[BoxCoverage], [p].[Category], [p].[Code], [p].[CreatedAt], [p].[DealerPrice], [p].[Description], [p].[Finish], [p].[ImageUrl], [p].[IsActive], [p].[IsDiscontinued], [p].[IsNewArrival], [p].[Name], [p].[PiecesPerBox], [p].[Price], [p].[Shade], [p].[Size], [p].[Thickness], [p].[Type], [p].[Unit], [p].[UpdatedAt]
      FROM [product_sfa] AS [p]
      WHERE [p].[IsDiscontinued] = CAST(0 AS bit)
      ORDER BY [p].[Name]
info: Microsoft.EntityFrameworkCore.Database.Command[20101]
      Executed DbCommand (150ms) [Parameters=[], CommandType='Text', CommandTimeout='30']
      SELECT [o].[Id], [o].[CreatedAt], [o].[CreatedByUserId], [o].[CustomerId], [o].[DiscountAmount], [o].[DiscountPercent], [o].[OrderDate], [o].[OrderNumber], [o].[Remarks], [o].[Status], [o].[SubTotal], [o].[TotalAmount], [o].[UpdatedAt], [c].[Id], [c].[Address], [c].[AssignedUserId], [c].[City], [c].[Code], [c].[ContactPerson], [c].[CreatedAt], [c].[CreatedByUserId], [c].[CreditLimit], [c].[CustomerType], [c].[Email], [c].[IsActive], [c].[Latitude], [c].[Longitude], [c].[Name], [c].[OutstandingBalance], [c].[Phone], [c].[Pincode], [c].[State], [c].[Territory], [c].[UpdatedAt], [o0].[Id], [o0].[DiscountPercent], [o0].[Finish], [o0].[LineTotal], [o0].[OrderId], [o0].[ProductId], [o0].[ProductName], [o0].[Quantity], [o0].[Size], [o0].[Type], [o0].[Unit], [o0].[UnitPrice]
      FROM [order_sfa] AS [o]
      INNER JOIN [customer_sfa] AS [c] ON [o].[CustomerId] = [c].[Id]
      LEFT JOIN [order_item_sfa] AS [o0] ON [o].[Id] = [o0].[OrderId]
      ORDER BY [o].[OrderDate] DESC, [o].[Id], [c].[Id]
info: Microsoft.EntityFrameworkCore.Database.Command[20101]
      Executed DbCommand (59ms) [Parameters=[], CommandType='Text', CommandTimeout='30']
      SELECT [u].[Id], [u].[AllowedFeatures], [u].[Branch], [u].[City], [u].[CreatedAt], [u].[Department], [u].[Designation], [u].[DesignationLevel], [u].[Email], [u].[EmployeeCode], [u].[FullName], [u].[IsActive], [u].[Password], [u].[Phone], [u].[ReportsToId], [u].[Role], [u].[State], [u].[Territory], [u].[UpdatedAt], [u].[Username], [u0].[Id], [u0].[AllowedFeatures], [u0].[Branch], [u0].[City], [u0].[CreatedAt], [u0].[Department], [u0].[Designation], [u0].[DesignationLevel], [u0].[Email], [u0].[EmployeeCode], [u0].[FullName], [u0].[IsActive], [u0].[Password], [u0].[Phone], [u0].[ReportsToId], [u0].[Role], [u0].[State], [u0].[Territory], [u0].[UpdatedAt], [u0].[Username]
      FROM [user_sfa] AS [u]
      LEFT JOIN [user_sfa] AS [u0] ON [u].[ReportsToId] = [u0].[Id]
      ORDER BY [u].[CreatedAt] DESC
info: Microsoft.EntityFrameworkCore.Database.Command[20101]
      Executed DbCommand (110ms) [Parameters=[], CommandType='Text', CommandTimeout='30']
      SELECT [c].[Id], [c].[Address], [c].[AssignedUserId], [c].[City], [c].[Code], [c].[ContactPerson], [c].[CreatedAt], [c].[CreatedByUserId], [c].[CreditLimit], [c].[CustomerType], [c].[Email], [c].[IsActive], [c].[Latitude], [c].[Longitude], [c].[Name], [c].[OutstandingBalance], [c].[Phone], [c].[Pincode], [c].[State], [c].[Territory], [c].[UpdatedAt], [u].[Id], [u].[AllowedFeatures], [u].[Branch], [u].[City], [u].[CreatedAt], [u].[Department], [u].[Designation], [u].[DesignationLevel], [u].[Email], [u].[EmployeeCode], [u].[FullName], [u].[IsActive], [u].[Password], [u].[Phone], [u].[ReportsToId], [u].[Role], [u].[State], [u].[Territory], [u].[UpdatedAt], [u].[Username], [u0].[Id], [u0].[AllowedFeatures], [u0].[Branch], [u0].[City], [u0].[CreatedAt], [u0].[Department], [u0].[Designation], [u0].[DesignationLevel], [u0].[Email], [u0].[EmployeeCode], [u0].[FullName], [u0].[IsActive], [u0].[Password], [u0].[Phone], [u0].[ReportsToId], [u0].[Role], [u0].[State], [u0].[Territory], [u0].[UpdatedAt], [u0].[Username]
      FROM [customer_sfa] AS [c]
      LEFT JOIN [user_sfa] AS [u] ON [c].[AssignedUserId] = [u].[Id]
      LEFT JOIN [user_sfa] AS [u0] ON [c].[CreatedByUserId] = [u0].[Id]
      ORDER BY [c].[CreatedAt] DESC
info: Microsoft.EntityFrameworkCore.Database.Command[20101]
      Executed DbCommand (135ms) [Parameters=[], CommandType='Text', CommandTimeout='30']
      SELECT [o].[Id], [o].[CreatedAt], [o].[CreatedByUserId], [o].[CustomerId], [o].[DiscountAmount], [o].[DiscountPercent], [o].[OrderDate], [o].[OrderNumber], [o].[Remarks], [o].[Status], [o].[SubTotal], [o].[TotalAmount], [o].[UpdatedAt], [c].[Id], [c].[Address], [c].[AssignedUserId], [c].[City], [c].[Code], [c].[ContactPerson], [c].[CreatedAt], [c].[CreatedByUserId], [c].[CreditLimit], [c].[CustomerType], [c].[Email], [c].[IsActive], [c].[Latitude], [c].[Longitude], [c].[Name], [c].[OutstandingBalance], [c].[Phone], [c].[Pincode], [c].[State], [c].[Territory], [c].[UpdatedAt], [o0].[Id], [o0].[DiscountPercent], [o0].[Finish], [o0].[LineTotal], [o0].[OrderId], [o0].[ProductId], [o0].[ProductName], [o0].[Quantity], [o0].[Size], [o0].[Type], [o0].[Unit], [o0].[UnitPrice]
      FROM [order_sfa] AS [o]
      INNER JOIN [customer_sfa] AS [c] ON [o].[CustomerId] = [c].[Id]
      LEFT JOIN [order_item_sfa] AS [o0] ON [o].[Id] = [o0].[OrderId]
      ORDER BY [o].[OrderDate] DESC, [o].[Id], [c].[Id]
info: Microsoft.EntityFrameworkCore.Database.Command[20101]
      Executed DbCommand (33ms) [Parameters=[], CommandType='Text', CommandTimeout='30']
      SELECT [p].[Id], [p].[BoxCoverage], [p].[Category], [p].[Code], [p].[CreatedAt], [p].[DealerPrice], [p].[Description], [p].[Finish], [p].[ImageUrl], [p].[IsActive], [p].[IsDiscontinued], [p].[IsNewArrival], [p].[Name], [p].[PiecesPerBox], [p].[Price], [p].[Shade], [p].[Size], [p].[Thickness], [p].[Type], [p].[Unit], [p].[UpdatedAt]
      FROM [product_sfa] AS [p]
      WHERE [p].[IsDiscontinued] = CAST(0 AS bit)
      ORDER BY [p].[Name]
info: Microsoft.EntityFrameworkCore.Database.Command[20101]
      Executed DbCommand (31ms) [Parameters=[], CommandType='Text', CommandTimeout='30']
      SELECT [c].[Id], [c].[Address], [c].[AssignedUserId], [c].[City], [c].[Code], [c].[ContactPerson], [c].[CreatedAt], [c].[CreatedByUserId], [c].[CreditLimit], [c].[CustomerType], [c].[Email], [c].[IsActive], [c].[Latitude], [c].[Longitude], [c].[Name], [c].[OutstandingBalance], [c].[Phone], [c].[Pincode], [c].[State], [c].[Territory], [c].[UpdatedAt], [u].[Id], [u].[AllowedFeatures], [u].[Branch], [u].[City], [u].[CreatedAt], [u].[Department], [u].[Designation], [u].[DesignationLevel], [u].[Email], [u].[EmployeeCode], [u].[FullName], [u].[IsActive], [u].[Password], [u].[Phone], [u].[ReportsToId], [u].[Role], [u].[State], [u].[Territory], [u].[UpdatedAt], [u].[Username], [u0].[Id], [u0].[AllowedFeatures], [u0].[Branch], [u0].[City], [u0].[CreatedAt], [u0].[Department], [u0].[Designation], [u0].[DesignationLevel], [u0].[Email], [u0].[EmployeeCode], [u0].[FullName], [u0].[IsActive], [u0].[Password], [u0].[Phone], [u0].[ReportsToId], [u0].[Role], [u0].[State], [u0].[Territory], [u0].[UpdatedAt], [u0].[Username]
      FROM [customer_sfa] AS [c]
      LEFT JOIN [user_sfa] AS [u] ON [c].[AssignedUserId] = [u].[Id]
      LEFT JOIN [user_sfa] AS [u0] ON [c].[CreatedByUserId] = [u0].[Id]
      ORDER BY [c].[CreatedAt] DESC
info: Microsoft.EntityFrameworkCore.Database.Command[20101]
      Executed DbCommand (124ms) [Parameters=[], CommandType='Text', CommandTimeout='30']
      SELECT [p].[Id], [p].[BoxCoverage], [p].[Category], [p].[Code], [p].[CreatedAt], [p].[DealerPrice], [p].[Description], [p].[Finish], [p].[ImageUrl], [p].[IsActive], [p].[IsDiscontinued], [p].[IsNewArrival], [p].[Name], [p].[PiecesPerBox], [p].[Price], [p].[Shade], [p].[Size], [p].[Thickness], [p].[Type], [p].[Unit], [p].[UpdatedAt]
      FROM [product_sfa] AS [p]
      WHERE [p].[IsDiscontinued] = CAST(0 AS bit)
      ORDER BY [p].[Name]
info: Microsoft.EntityFrameworkCore.Database.Command[20101]
      Executed DbCommand (131ms) [Parameters=[], CommandType='Text', CommandTimeout='30']
      SELECT [c].[Id], [c].[Address], [c].[AssignedUserId], [c].[City], [c].[Code], [c].[ContactPerson], [c].[CreatedAt], [c].[CreatedByUserId], [c].[CreditLimit], [c].[CustomerType], [c].[Email], [c].[IsActive], [c].[Latitude], [c].[Longitude], [c].[Name], [c].[OutstandingBalance], [c].[Phone], [c].[Pincode], [c].[State], [c].[Territory], [c].[UpdatedAt], [u].[Id], [u].[AllowedFeatures], [u].[Branch], [u].[City], [u].[CreatedAt], [u].[Department], [u].[Designation], [u].[DesignationLevel], [u].[Email], [u].[EmployeeCode], [u].[FullName], [u].[IsActive], [u].[Password], [u].[Phone], [u].[ReportsToId], [u].[Role], [u].[State], [u].[Territory], [u].[UpdatedAt], [u].[Username], [u0].[Id], [u0].[AllowedFeatures], [u0].[Branch], [u0].[City], [u0].[CreatedAt], [u0].[Department], [u0].[Designation], [u0].[DesignationLevel], [u0].[Email], [u0].[EmployeeCode], [u0].[FullName], [u0].[IsActive], [u0].[Password], [u0].[Phone], [u0].[ReportsToId], [u0].[Role], [u0].[State], [u0].[Territory], [u0].[UpdatedAt], [u0].[Username]
      FROM [customer_sfa] AS [c]
      LEFT JOIN [user_sfa] AS [u] ON [c].[AssignedUserId] = [u].[Id]
      LEFT JOIN [user_sfa] AS [u0] ON [c].[CreatedByUserId] = [u0].[Id]
      ORDER BY [c].[CreatedAt] DESC
info: Microsoft.EntityFrameworkCore.Database.Command[20101]
      Executed DbCommand (169ms) [Parameters=[], CommandType='Text', CommandTimeout='30']
      SELECT [u].[Id], [u].[AllowedFeatures], [u].[Branch], [u].[City], [u].[CreatedAt], [u].[Department], [u].[Designation], [u].[DesignationLevel], [u].[Email], [u].[EmployeeCode], [u].[FullName], [u].[IsActive], [u].[Password], [u].[Phone], [u].[ReportsToId], [u].[Role], [u].[State], [u].[Territory], [u].[UpdatedAt], [u].[Username], [u0].[Id], [u0].[AllowedFeatures], [u0].[Branch], [u0].[City], [u0].[CreatedAt], [u0].[Department], [u0].[Designation], [u0].[DesignationLevel], [u0].[Email], [u0].[EmployeeCode], [u0].[FullName], [u0].[IsActive], [u0].[Password], [u0].[Phone], [u0].[ReportsToId], [u0].[Role], [u0].[State], [u0].[Territory], [u0].[UpdatedAt], [u0].[Username]
      FROM [user_sfa] AS [u]
      LEFT JOIN [user_sfa] AS [u0] ON [u].[ReportsToId] = [u0].[Id]
      ORDER BY [u].[CreatedAt] DESC
info: Microsoft.EntityFrameworkCore.Database.Command[20101]
      Executed DbCommand (195ms) [Parameters=[], CommandType='Text', CommandTimeout='30']
      SELECT [o].[Id], [o].[CreatedAt], [o].[CreatedByUserId], [o].[CustomerId], [o].[DiscountAmount], [o].[DiscountPercent], [o].[OrderDate], [o].[OrderNumber], [o].[Remarks], [o].[Status], [o].[SubTotal], [o].[TotalAmount], [o].[UpdatedAt], [c].[Id], [c].[Address], [c].[AssignedUserId], [c].[City], [c].[Code], [c].[ContactPerson], [c].[CreatedAt], [c].[CreatedByUserId], [c].[CreditLimit], [c].[CustomerType], [c].[Email], [c].[IsActive], [c].[Latitude], [c].[Longitude], [c].[Name], [c].[OutstandingBalance], [c].[Phone], [c].[Pincode], [c].[State], [c].[Territory], [c].[UpdatedAt], [o0].[Id], [o0].[DiscountPercent], [o0].[Finish], [o0].[LineTotal], [o0].[OrderId], [o0].[ProductId], [o0].[ProductName], [o0].[Quantity], [o0].[Size], [o0].[Type], [o0].[Unit], [o0].[UnitPrice]
      FROM [order_sfa] AS [o]
      INNER JOIN [customer_sfa] AS [c] ON [o].[CustomerId] = [c].[Id]
      LEFT JOIN [order_item_sfa] AS [o0] ON [o].[Id] = [o0].[OrderId]
      ORDER BY [o].[OrderDate] DESC, [o].[Id], [c].[Id]
info: Microsoft.EntityFrameworkCore.Database.Command[20101]
      Executed DbCommand (81ms) [Parameters=[], CommandType='Text', CommandTimeout='30']
      SELECT [p].[Id], [p].[BoxCoverage], [p].[Category], [p].[Code], [p].[CreatedAt], [p].[DealerPrice], [p].[Description], [p].[Finish], [p].[ImageUrl], [p].[IsActive], [p].[IsDiscontinued], [p].[IsNewArrival], [p].[Name], [p].[PiecesPerBox], [p].[Price], [p].[Shade], [p].[Size], [p].[Thickness], [p].[Type], [p].[Unit], [p].[UpdatedAt]
      FROM [product_sfa] AS [p]
      WHERE [p].[IsDiscontinued] = CAST(0 AS bit)
      ORDER BY [p].[Name]
info: Microsoft.EntityFrameworkCore.Database.Command[20101]
      Executed DbCommand (2,279ms) [Parameters=[], CommandType='Text', CommandTimeout='30']
      SELECT [o].[Id], [o].[CreatedAt], [o].[CreatedByUserId], [o].[CustomerId], [o].[DiscountAmount], [o].[DiscountPercent], [o].[OrderDate], [o].[OrderNumber], [o].[Remarks], [o].[Status], [o].[SubTotal], [o].[TotalAmount], [o].[UpdatedAt], [c].[Id], [c].[Address], [c].[AssignedUserId], [c].[City], [c].[Code], [c].[ContactPerson], [c].[CreatedAt], [c].[CreatedByUserId], [c].[CreditLimit], [c].[CustomerType], [c].[Email], [c].[IsActive], [c].[Latitude], [c].[Longitude], [c].[Name], [c].[OutstandingBalance], [c].[Phone], [c].[Pincode], [c].[State], [c].[Territory], [c].[UpdatedAt], [o0].[Id], [o0].[DiscountPercent], [o0].[Finish], [o0].[LineTotal], [o0].[OrderId], [o0].[ProductId], [o0].[ProductName], [o0].[Quantity], [o0].[Size], [o0].[Type], [o0].[Unit], [o0].[UnitPrice]
      FROM [order_sfa] AS [o]
      INNER JOIN [customer_sfa] AS [c] ON [o].[CustomerId] = [c].[Id]
      LEFT JOIN [order_item_sfa] AS [o0] ON [o].[Id] = [o0].[OrderId]
      ORDER BY [o].[OrderDate] DESC, [o].[Id], [c].[Id]
info: Microsoft.EntityFrameworkCore.Database.Command[20101]
      Executed DbCommand (2,768ms) [Parameters=[], CommandType='Text', CommandTimeout='30']
      SELECT [u].[Id], [u].[AllowedFeatures], [u].[Branch], [u].[City], [u].[CreatedAt], [u].[Department], [u].[Designation], [u].[DesignationLevel], [u].[Email], [u].[EmployeeCode], [u].[FullName], [u].[IsActive], [u].[Password], [u].[Phone], [u].[ReportsToId], [u].[Role], [u].[State], [u].[Territory], [u].[UpdatedAt], [u].[Username], [u0].[Id], [u0].[AllowedFeatures], [u0].[Branch], [u0].[City], [u0].[CreatedAt], [u0].[Department], [u0].[Designation], [u0].[DesignationLevel], [u0].[Email], [u0].[EmployeeCode], [u0].[FullName], [u0].[IsActive], [u0].[Password], [u0].[Phone], [u0].[ReportsToId], [u0].[Role], [u0].[State], [u0].[Territory], [u0].[UpdatedAt], [u0].[Username]
      FROM [user_sfa] AS [u]
      LEFT JOIN [user_sfa] AS [u0] ON [u].[ReportsToId] = [u0].[Id]
      ORDER BY [u].[CreatedAt] DESC
info: Microsoft.EntityFrameworkCore.Database.Command[20101]
      Executed DbCommand (2,785ms) [Parameters=[], CommandType='Text', CommandTimeout='30']
      SELECT [c].[Id], [c].[Address], [c].[AssignedUserId], [c].[City], [c].[Code], [c].[ContactPerson], [c].[CreatedAt], [c].[CreatedByUserId], [c].[CreditLimit], [c].[CustomerType], [c].[Email], [c].[IsActive], [c].[Latitude], [c].[Longitude], [c].[Name], [c].[OutstandingBalance], [c].[Phone], [c].[Pincode], [c].[State], [c].[Territory], [c].[UpdatedAt], [u].[Id], [u].[AllowedFeatures], [u].[Branch], [u].[City], [u].[CreatedAt], [u].[Department], [u].[Designation], [u].[DesignationLevel], [u].[Email], [u].[EmployeeCode], [u].[FullName], [u].[IsActive], [u].[Password], [u].[Phone], [u].[ReportsToId], [u].[Role], [u].[State], [u].[Territory], [u].[UpdatedAt], [u].[Username], [u0].[Id], [u0].[AllowedFeatures], [u0].[Branch], [u0].[City], [u0].[CreatedAt], [u0].[Department], [u0].[Designation], [u0].[DesignationLevel], [u0].[Email], [u0].[EmployeeCode], [u0].[FullName], [u0].[IsActive], [u0].[Password], [u0].[Phone], [u0].[ReportsToId], [u0].[Role], [u0].[State], [u0].[Territory], [u0].[UpdatedAt], [u0].[Username]
      FROM [customer_sfa] AS [c]
      LEFT JOIN [user_sfa] AS [u] ON [c].[AssignedUserId] = [u].[Id]
      LEFT JOIN [user_sfa] AS [u0] ON [c].[CreatedByUserId] = [u0].[Id]
      ORDER BY [c].[CreatedAt] DESC
info: Microsoft.EntityFrameworkCore.Database.Command[20101]
      Executed DbCommand (1,559ms) [Parameters=[], CommandType='Text', CommandTimeout='30']
      SELECT [u].[Id], [u].[AllowedFeatures], [u].[Branch], [u].[City], [u].[CreatedAt], [u].[Department], [u].[Designation], [u].[DesignationLevel], [u].[Email], [u].[EmployeeCode], [u].[FullName], [u].[IsActive], [u].[Password], [u].[Phone], [u].[ReportsToId], [u].[Role], [u].[State], [u].[Territory], [u].[UpdatedAt], [u].[Username], [u0].[Id], [u0].[AllowedFeatures], [u0].[Branch], [u0].[City], [u0].[CreatedAt], [u0].[Department], [u0].[Designation], [u0].[DesignationLevel], [u0].[Email], [u0].[EmployeeCode], [u0].[FullName], [u0].[IsActive], [u0].[Password], [u0].[Phone], [u0].[ReportsToId], [u0].[Role], [u0].[State], [u0].[Territory], [u0].[UpdatedAt], [u0].[Username]
      FROM [user_sfa] AS [u]
      LEFT JOIN [user_sfa] AS [u0] ON [u].[ReportsToId] = [u0].[Id]
      ORDER BY [u].[CreatedAt] DESC
info: Microsoft.EntityFrameworkCore.Database.Command[20101]
      Executed DbCommand (414ms) [Parameters=[], CommandType='Text', CommandTimeout='30']
      SELECT [u].[Id], [u].[AllowedFeatures], [u].[Branch], [u].[City], [u].[CreatedAt], [u].[Department], [u].[Designation], [u].[DesignationLevel], [u].[Email], [u].[EmployeeCode], [u].[FullName], [u].[IsActive], [u].[Password], [u].[Phone], [u].[ReportsToId], [u].[Role], [u].[State], [u].[Territory], [u].[UpdatedAt], [u].[Username], [u0].[Id], [u0].[AllowedFeatures], [u0].[Branch], [u0].[City], [u0].[CreatedAt], [u0].[Department], [u0].[Designation], [u0].[DesignationLevel], [u0].[Email], [u0].[EmployeeCode], [u0].[FullName], [u0].[IsActive], [u0].[Password], [u0].[Phone], [u0].[ReportsToId], [u0].[Role], [u0].[State], [u0].[Territory], [u0].[UpdatedAt], [u0].[Username]
      FROM [user_sfa] AS [u]
      LEFT JOIN [user_sfa] AS [u0] ON [u].[ReportsToId] = [u0].[Id]
      ORDER BY [u].[CreatedAt] DESC
info: Microsoft.EntityFrameworkCore.Database.Command[20101]
      Executed DbCommand (86ms) [Parameters=[], CommandType='Text', CommandTimeout='30']
      SELECT 1
info: Microsoft.EntityFrameworkCore.Database.Command[20101]
      Executed DbCommand (186ms) [Parameters=[], CommandType='Text', CommandTimeout='30']
      SELECT COUNT(*)
      FROM [product_sfa] AS [p]
info: Microsoft.EntityFrameworkCore.Database.Command[20101]
      Executed DbCommand (83ms) [Parameters=[], CommandType='Text', CommandTimeout='30']
      SELECT [u].[Id], [u].[ReportsToId]
      FROM [user_sfa] AS [u]
info: Microsoft.EntityFrameworkCore.Database.Command[20101]
      Executed DbCommand (324ms) [Parameters=[], CommandType='Text', CommandTimeout='30']
      SELECT [c].[Id], [c].[Address], [c].[AssignedUserId], [c].[City], [c].[Code], [c].[ContactPerson], [c].[CreatedAt], [c].[CreatedByUserId], [c].[CreditLimit], [c].[CustomerType], [c].[Email], [c].[IsActive], [c].[Latitude], [c].[Longitude], [c].[Name], [c].[OutstandingBalance], [c].[Phone], [c].[Pincode], [c].[State], [c].[Territory], [c].[UpdatedAt], [u].[Id], [u].[AllowedFeatures], [u].[Branch], [u].[City], [u].[CreatedAt], [u].[Department], [u].[Designation], [u].[DesignationLevel], [u].[Email], [u].[EmployeeCode], [u].[FullName], [u].[IsActive], [u].[Password], [u].[Phone], [u].[ReportsToId], [u].[Role], [u].[State], [u].[Territory], [u].[UpdatedAt], [u].[Username], [u0].[Id], [u0].[AllowedFeatures], [u0].[Branch], [u0].[City], [u0].[CreatedAt], [u0].[Department], [u0].[Designation], [u0].[DesignationLevel], [u0].[Email], [u0].[EmployeeCode], [u0].[FullName], [u0].[IsActive], [u0].[Password], [u0].[Phone], [u0].[ReportsToId], [u0].[Role], [u0].[State], [u0].[Territory], [u0].[UpdatedAt], [u0].[Username]
      FROM [customer_sfa] AS [c]
      LEFT JOIN [user_sfa] AS [u] ON [c].[AssignedUserId] = [u].[Id]
      LEFT JOIN [user_sfa] AS [u0] ON [c].[CreatedByUserId] = [u0].[Id]
      WHERE ([c].[AssignedUserId] IS NOT NULL) AND [c].[AssignedUserId] IN (3, 7)
      ORDER BY [c].[CreatedAt] DESC
info: Microsoft.EntityFrameworkCore.Database.Command[20101]
      Executed DbCommand (29ms) [Parameters=[], CommandType='Text', CommandTimeout='30']
      SELECT [u].[Id], [u].[ReportsToId]
      FROM [user_sfa] AS [u]
info: Microsoft.EntityFrameworkCore.Database.Command[20101]
      Executed DbCommand (88ms) [Parameters=[], CommandType='Text', CommandTimeout='30']
      SELECT [o].[Id], [o].[CreatedAt], [o].[CreatedByUserId], [o].[CustomerId], [o].[DiscountAmount], [o].[DiscountPercent], [o].[OrderDate], [o].[OrderNumber], [o].[Remarks], [o].[Status], [o].[SubTotal], [o].[TotalAmount], [o].[UpdatedAt], [c].[Id], [c].[Address], [c].[AssignedUserId], [c].[City], [c].[Code], [c].[ContactPerson], [c].[CreatedAt], [c].[CreatedByUserId], [c].[CreditLimit], [c].[CustomerType], [c].[Email], [c].[IsActive], [c].[Latitude], [c].[Longitude], [c].[Name], [c].[OutstandingBalance], [c].[Phone], [c].[Pincode], [c].[State], [c].[Territory], [c].[UpdatedAt], [o0].[Id], [o0].[DiscountPercent], [o0].[Finish], [o0].[LineTotal], [o0].[OrderId], [o0].[ProductId], [o0].[ProductName], [o0].[Quantity], [o0].[Size], [o0].[Type], [o0].[Unit], [o0].[UnitPrice]
      FROM [order_sfa] AS [o]
      INNER JOIN [customer_sfa] AS [c] ON [o].[CustomerId] = [c].[Id]
      LEFT JOIN [order_item_sfa] AS [o0] ON [o].[Id] = [o0].[OrderId]
      WHERE [o].[CreatedByUserId] IN (3, 7)
      ORDER BY [o].[OrderDate] DESC, [o].[Id], [c].[Id]
info: Microsoft.EntityFrameworkCore.Database.Command[20101]
      Executed DbCommand (100ms) [Parameters=[], CommandType='Text', CommandTimeout='30']
      SELECT [s].[Id], [s].[LastUpdated], [s].[MaxStockLevel], [s].[MinStockLevel], [s].[ProductId], [s].[QuantityAvailable], [s].[Unit], [s].[WarehouseId], [p].[Id], [p].[BoxCoverage], [p].[Category], [p].[Code], [p].[CreatedAt], [p].[DealerPrice], [p].[Description], [p].[Finish], [p].[ImageUrl], [p].[IsActive], [p].[IsDiscontinued], [p].[IsNewArrival], [p].[Name], [p].[PiecesPerBox], [p].[Price], [p].[Shade], [p].[Size], [p].[Thickness], [p].[Type], [p].[Unit], [p].[UpdatedAt], [w].[Id], [w].[City], [w].[Code], [w].[ContactPerson], [w].[CreatedAt], [w].[IsActive], [w].[Location], [w].[Name], [w].[Phone], [w].[State]
      FROM [stock_sfa] AS [s]
      INNER JOIN [product_sfa] AS [p] ON [s].[ProductId] = [p].[Id]
      INNER JOIN [warehouse_sfa] AS [w] ON [s].[WarehouseId] = [w].[Id]
      WHERE ([s].[MinStockLevel] IS NOT NULL) AND [s].[QuantityAvailable] <= [s].[MinStockLevel]
      ORDER BY [p].[Name]
info: Microsoft.EntityFrameworkCore.Database.Command[20101]
      Executed DbCommand (8ms) [Parameters=[], CommandType='Text', CommandTimeout='30']
      SELECT [u].[Id], [u].[ReportsToId]
      FROM [user_sfa] AS [u]
info: Microsoft.EntityFrameworkCore.Database.Command[20101]
      Executed DbCommand (20ms) [Parameters=[], CommandType='Text', CommandTimeout='30']
      SELECT [u].[Id], [u].[FullName], [u].[Username], [u].[Designation], [u].[DesignationLevel], [u].[ReportsToId]
      FROM [user_sfa] AS [u]
      WHERE [u].[Id] IN (3, 7)
      ORDER BY [u].[DesignationLevel], [u].[FullName]
info: Microsoft.EntityFrameworkCore.Database.Command[20101]
      Executed DbCommand (17ms) [Parameters=[], CommandType='Text', CommandTimeout='30']
      SELECT [u].[Id], [u].[ReportsToId]
      FROM [user_sfa] AS [u]
info: Microsoft.EntityFrameworkCore.Database.Command[20101]
      Executed DbCommand (82ms) [Parameters=[], CommandType='Text', CommandTimeout='30']
      SELECT [c].[Id], [c].[Address], [c].[AssignedUserId], [c].[City], [c].[Code], [c].[ContactPerson], [c].[CreatedAt], [c].[CreatedByUserId], [c].[CreditLimit], [c].[CustomerType], [c].[Email], [c].[IsActive], [c].[Latitude], [c].[Longitude], [c].[Name], [c].[OutstandingBalance], [c].[Phone], [c].[Pincode], [c].[State], [c].[Territory], [c].[UpdatedAt], [u].[Id], [u].[AllowedFeatures], [u].[Branch], [u].[City], [u].[CreatedAt], [u].[Department], [u].[Designation], [u].[DesignationLevel], [u].[Email], [u].[EmployeeCode], [u].[FullName], [u].[IsActive], [u].[Password], [u].[Phone], [u].[ReportsToId], [u].[Role], [u].[State], [u].[Territory], [u].[UpdatedAt], [u].[Username], [u0].[Id], [u0].[AllowedFeatures], [u0].[Branch], [u0].[City], [u0].[CreatedAt], [u0].[Department], [u0].[Designation], [u0].[DesignationLevel], [u0].[Email], [u0].[EmployeeCode], [u0].[FullName], [u0].[IsActive], [u0].[Password], [u0].[Phone], [u0].[ReportsToId], [u0].[Role], [u0].[State], [u0].[Territory], [u0].[UpdatedAt], [u0].[Username]
      FROM [customer_sfa] AS [c]
      LEFT JOIN [user_sfa] AS [u] ON [c].[AssignedUserId] = [u].[Id]
      LEFT JOIN [user_sfa] AS [u0] ON [c].[CreatedByUserId] = [u0].[Id]
      WHERE ([c].[AssignedUserId] IS NOT NULL) AND [c].[AssignedUserId] IN (3, 7)
      ORDER BY [c].[CreatedAt] DESC
info: Microsoft.EntityFrameworkCore.Database.Command[20101]
      Executed DbCommand (398ms) [Parameters=[@__id_0='?' (DbType = Int32)], CommandType='Text', CommandTimeout='30']
      SELECT [t].[Id], [t].[Address], [t].[AssignedUserId], [t].[City], [t].[Code], [t].[ContactPerson], [t].[CreatedAt], [t].[CreatedByUserId], [t].[CreditLimit], [t].[CustomerType], [t].[Email], [t].[IsActive], [t].[Latitude], [t].[Longitude], [t].[Name], [t].[OutstandingBalance], [t].[Phone], [t].[Pincode], [t].[State], [t].[Territory], [t].[UpdatedAt], [t].[Id0], [t].[AllowedFeatures], [t].[Branch], [t].[City0], [t].[CreatedAt0], [t].[Department], [t].[Designation], [t].[DesignationLevel], [t].[Email0], [t].[EmployeeCode], [t].[FullName], [t].[IsActive0], [t].[Password], [t].[Phone0], [t].[ReportsToId], [t].[Role], [t].[State0], [t].[Territory0], [t].[UpdatedAt0], [t].[Username], [t].[Id1], [t].[AllowedFeatures0], [t].[Branch0], [t].[City1], [t].[CreatedAt1], [t].[Department0], [t].[Designation0], [t].[DesignationLevel0], [t].[Email1], [t].[EmployeeCode0], [t].[FullName0], [t].[IsActive1], [t].[Password0], [t].[Phone1], [t].[ReportsToId0], [t].[Role0], [t].[State1], [t].[Territory1], [t].[UpdatedAt1], [t].[Username0], [t0].[Id], [t0].[CreatedAt], [t0].[CustomerId], [t0].[Latitude], [t0].[Longitude], [t0].[Purpose], [t0].[Remarks], [t0].[UserId], [t0].[VisitDate]
      FROM (
          SELECT TOP(1) [c].[Id], [c].[Address], [c].[AssignedUserId], [c].[City], [c].[Code], [c].[ContactPerson], [c].[CreatedAt], [c].[CreatedByUserId], [c].[CreditLimit], [c].[CustomerType], [c].[Email], [c].[IsActive], [c].[Latitude], [c].[Longitude], [c].[Name], [c].[OutstandingBalance], [c].[Phone], [c].[Pincode], [c].[State], [c].[Territory], [c].[UpdatedAt], [u].[Id] AS [Id0], [u].[AllowedFeatures], [u].[Branch], [u].[City] AS [City0], [u].[CreatedAt] AS [CreatedAt0], [u].[Department], [u].[Designation], [u].[DesignationLevel], [u].[Email] AS [Email0], [u].[EmployeeCode], [u].[FullName], [u].[IsActive] AS [IsActive0], [u].[Password], [u].[Phone] AS [Phone0], [u].[ReportsToId], [u].[Role], [u].[State] AS [State0], [u].[Territory] AS [Territory0], [u].[UpdatedAt] AS [UpdatedAt0], [u].[Username], [u0].[Id] AS [Id1], [u0].[AllowedFeatures] AS [AllowedFeatures0], [u0].[Branch] AS [Branch0], [u0].[City] AS [City1], [u0].[CreatedAt] AS [CreatedAt1], [u0].[Department] AS [Department0], [u0].[Designation] AS [Designation0], [u0].[DesignationLevel] AS [DesignationLevel0], [u0].[Email] AS [Email1], [u0].[EmployeeCode] AS [EmployeeCode0], [u0].[FullName] AS [FullName0], [u0].[IsActive] AS [IsActive1], [u0].[Password] AS [Password0], [u0].[Phone] AS [Phone1], [u0].[ReportsToId] AS [ReportsToId0], [u0].[Role] AS [Role0], [u0].[State] AS [State1], [u0].[Territory] AS [Territory1], [u0].[UpdatedAt] AS [UpdatedAt1], [u0].[Username] AS [Username0]
          FROM [customer_sfa] AS [c]
          LEFT JOIN [user_sfa] AS [u] ON [c].[AssignedUserId] = [u].[Id]
          LEFT JOIN [user_sfa] AS [u0] ON [c].[CreatedByUserId] = [u0].[Id]
          WHERE [c].[Id] = @__id_0
      ) AS [t]
      LEFT JOIN (
          SELECT [t1].[Id], [t1].[CreatedAt], [t1].[CustomerId], [t1].[Latitude], [t1].[Longitude], [t1].[Purpose], [t1].[Remarks], [t1].[UserId], [t1].[VisitDate]
          FROM (
              SELECT [c0].[Id], [c0].[CreatedAt], [c0].[CustomerId], [c0].[Latitude], [c0].[Longitude], [c0].[Purpose], [c0].[Remarks], [c0].[UserId], [c0].[VisitDate], ROW_NUMBER() OVER(PARTITION BY [c0].[CustomerId] ORDER BY [c0].[VisitDate] DESC) AS [row]
              FROM [customer_visit_sfa] AS [c0]
          ) AS [t1]
          WHERE [t1].[row] <= 10
      ) AS [t0] ON [t].[Id] = [t0].[CustomerId]
      ORDER BY [t].[Id], [t].[Id0], [t].[Id1], [t0].[CustomerId], [t0].[VisitDate] DESC
info: Microsoft.EntityFrameworkCore.Database.Command[20101]
      Executed DbCommand (45ms) [Parameters=[@__id_0='?' (DbType = Int32)], CommandType='Text', CommandTimeout='30']
      SELECT [c].[Id], [c].[CreatedAt], [c].[CustomerId], [c].[Latitude], [c].[Longitude], [c].[Purpose], [c].[Remarks], [c].[UserId], [c].[VisitDate]
      FROM [customer_visit_sfa] AS [c]
      WHERE [c].[CustomerId] = @__id_0
      ORDER BY [c].[VisitDate] DESC
info: Microsoft.EntityFrameworkCore.Database.Command[20101]
      Executed DbCommand (19ms) [Parameters=[], CommandType='Text', CommandTimeout='30']
      SELECT [u].[Id], [u].[ReportsToId]
      FROM [user_sfa] AS [u]
info: Microsoft.EntityFrameworkCore.Database.Command[20101]
      Executed DbCommand (32ms) [Parameters=[], CommandType='Text', CommandTimeout='30']
      SELECT [c].[Id], [c].[Address], [c].[AssignedUserId], [c].[City], [c].[Code], [c].[ContactPerson], [c].[CreatedAt], [c].[CreatedByUserId], [c].[CreditLimit], [c].[CustomerType], [c].[Email], [c].[IsActive], [c].[Latitude], [c].[Longitude], [c].[Name], [c].[OutstandingBalance], [c].[Phone], [c].[Pincode], [c].[State], [c].[Territory], [c].[UpdatedAt], [u].[Id], [u].[AllowedFeatures], [u].[Branch], [u].[City], [u].[CreatedAt], [u].[Department], [u].[Designation], [u].[DesignationLevel], [u].[Email], [u].[EmployeeCode], [u].[FullName], [u].[IsActive], [u].[Password], [u].[Phone], [u].[ReportsToId], [u].[Role], [u].[State], [u].[Territory], [u].[UpdatedAt], [u].[Username], [u0].[Id], [u0].[AllowedFeatures], [u0].[Branch], [u0].[City], [u0].[CreatedAt], [u0].[Department], [u0].[Designation], [u0].[DesignationLevel], [u0].[Email], [u0].[EmployeeCode], [u0].[FullName], [u0].[IsActive], [u0].[Password], [u0].[Phone], [u0].[ReportsToId], [u0].[Role], [u0].[State], [u0].[Territory], [u0].[UpdatedAt], [u0].[Username]
      FROM [customer_sfa] AS [c]
      LEFT JOIN [user_sfa] AS [u] ON [c].[AssignedUserId] = [u].[Id]
      LEFT JOIN [user_sfa] AS [u0] ON [c].[CreatedByUserId] = [u0].[Id]
      WHERE ([c].[AssignedUserId] IS NOT NULL) AND [c].[AssignedUserId] IN (3, 7)
      ORDER BY [c].[CreatedAt] DESC
info: Microsoft.EntityFrameworkCore.Database.Command[20101]
      Executed DbCommand (4ms) [Parameters=[], CommandType='Text', CommandTimeout='30']
      SELECT 1
info: Microsoft.EntityFrameworkCore.Database.Command[20101]
      Executed DbCommand (9ms) [Parameters=[], CommandType='Text', CommandTimeout='30']
      SELECT COUNT(*)
      FROM [product_sfa] AS [p]
info: Microsoft.EntityFrameworkCore.Database.Command[20101]
      Executed DbCommand (4ms) [Parameters=[], CommandType='Text', CommandTimeout='30']
      SELECT [u].[Id], [u].[ReportsToId]
      FROM [user_sfa] AS [u]
info: Microsoft.EntityFrameworkCore.Database.Command[20101]
      Executed DbCommand (62ms) [Parameters=[], CommandType='Text', CommandTimeout='30']
      SELECT [c].[Id], [c].[Address], [c].[AssignedUserId], [c].[City], [c].[Code], [c].[ContactPerson], [c].[CreatedAt], [c].[CreatedByUserId], [c].[CreditLimit], [c].[CustomerType], [c].[Email], [c].[IsActive], [c].[Latitude], [c].[Longitude], [c].[Name], [c].[OutstandingBalance], [c].[Phone], [c].[Pincode], [c].[State], [c].[Territory], [c].[UpdatedAt], [u].[Id], [u].[AllowedFeatures], [u].[Branch], [u].[City], [u].[CreatedAt], [u].[Department], [u].[Designation], [u].[DesignationLevel], [u].[Email], [u].[EmployeeCode], [u].[FullName], [u].[IsActive], [u].[Password], [u].[Phone], [u].[ReportsToId], [u].[Role], [u].[State], [u].[Territory], [u].[UpdatedAt], [u].[Username], [u0].[Id], [u0].[AllowedFeatures], [u0].[Branch], [u0].[City], [u0].[CreatedAt], [u0].[Department], [u0].[Designation], [u0].[DesignationLevel], [u0].[Email], [u0].[EmployeeCode], [u0].[FullName], [u0].[IsActive], [u0].[Password], [u0].[Phone], [u0].[ReportsToId], [u0].[Role], [u0].[State], [u0].[Territory], [u0].[UpdatedAt], [u0].[Username]
      FROM [customer_sfa] AS [c]
      LEFT JOIN [user_sfa] AS [u] ON [c].[AssignedUserId] = [u].[Id]
      LEFT JOIN [user_sfa] AS [u0] ON [c].[CreatedByUserId] = [u0].[Id]
      WHERE ([c].[AssignedUserId] IS NOT NULL) AND [c].[AssignedUserId] IN (3, 7)
      ORDER BY [c].[CreatedAt] DESC
info: Microsoft.EntityFrameworkCore.Database.Command[20101]
      Executed DbCommand (40ms) [Parameters=[], CommandType='Text', CommandTimeout='30']
      SELECT [u].[Id], [u].[ReportsToId]
      FROM [user_sfa] AS [u]
info: Microsoft.EntityFrameworkCore.Database.Command[20101]
      Executed DbCommand (24ms) [Parameters=[], CommandType='Text', CommandTimeout='30']
      SELECT [o].[Id], [o].[CreatedAt], [o].[CreatedByUserId], [o].[CustomerId], [o].[DiscountAmount], [o].[DiscountPercent], [o].[OrderDate], [o].[OrderNumber], [o].[Remarks], [o].[Status], [o].[SubTotal], [o].[TotalAmount], [o].[UpdatedAt], [c].[Id], [c].[Address], [c].[AssignedUserId], [c].[City], [c].[Code], [c].[ContactPerson], [c].[CreatedAt], [c].[CreatedByUserId], [c].[CreditLimit], [c].[CustomerType], [c].[Email], [c].[IsActive], [c].[Latitude], [c].[Longitude], [c].[Name], [c].[OutstandingBalance], [c].[Phone], [c].[Pincode], [c].[State], [c].[Territory], [c].[UpdatedAt], [o0].[Id], [o0].[DiscountPercent], [o0].[Finish], [o0].[LineTotal], [o0].[OrderId], [o0].[ProductId], [o0].[ProductName], [o0].[Quantity], [o0].[Size], [o0].[Type], [o0].[Unit], [o0].[UnitPrice]
      FROM [order_sfa] AS [o]
      INNER JOIN [customer_sfa] AS [c] ON [o].[CustomerId] = [c].[Id]
      LEFT JOIN [order_item_sfa] AS [o0] ON [o].[Id] = [o0].[OrderId]
      WHERE [o].[CreatedByUserId] IN (3, 7)
      ORDER BY [o].[OrderDate] DESC, [o].[Id], [c].[Id]
info: Microsoft.EntityFrameworkCore.Database.Command[20101]
      Executed DbCommand (27ms) [Parameters=[], CommandType='Text', CommandTimeout='30']
      SELECT [s].[Id], [s].[LastUpdated], [s].[MaxStockLevel], [s].[MinStockLevel], [s].[ProductId], [s].[QuantityAvailable], [s].[Unit], [s].[WarehouseId], [p].[Id], [p].[BoxCoverage], [p].[Category], [p].[Code], [p].[CreatedAt], [p].[DealerPrice], [p].[Description], [p].[Finish], [p].[ImageUrl], [p].[IsActive], [p].[IsDiscontinued], [p].[IsNewArrival], [p].[Name], [p].[PiecesPerBox], [p].[Price], [p].[Shade], [p].[Size], [p].[Thickness], [p].[Type], [p].[Unit], [p].[UpdatedAt], [w].[Id], [w].[City], [w].[Code], [w].[ContactPerson], [w].[CreatedAt], [w].[IsActive], [w].[Location], [w].[Name], [w].[Phone], [w].[State]
      FROM [stock_sfa] AS [s]
      INNER JOIN [product_sfa] AS [p] ON [s].[ProductId] = [p].[Id]
      INNER JOIN [warehouse_sfa] AS [w] ON [s].[WarehouseId] = [w].[Id]
      WHERE ([s].[MinStockLevel] IS NOT NULL) AND [s].[QuantityAvailable] <= [s].[MinStockLevel]
      ORDER BY [p].[Name]
info: Microsoft.EntityFrameworkCore.Database.Command[20101]
      Executed DbCommand (4ms) [Parameters=[], CommandType='Text', CommandTimeout='30']
      SELECT [u].[Id], [u].[ReportsToId]
      FROM [user_sfa] AS [u]
info: Microsoft.EntityFrameworkCore.Database.Command[20101]
      Executed DbCommand (21ms) [Parameters=[], CommandType='Text', CommandTimeout='30']
      SELECT [u].[Id], [u].[FullName], [u].[Username], [u].[Designation], [u].[DesignationLevel], [u].[ReportsToId]
      FROM [user_sfa] AS [u]
      WHERE [u].[Id] IN (3, 7)
      ORDER BY [u].[DesignationLevel], [u].[FullName]
info: Microsoft.EntityFrameworkCore.Database.Command[20101]
      Executed DbCommand (14ms) [Parameters=[], CommandType='Text', CommandTimeout='30']
      SELECT [u].[Id], [u].[AllowedFeatures], [u].[Branch], [u].[City], [u].[CreatedAt], [u].[Department], [u].[Designation], [u].[DesignationLevel], [u].[Email], [u].[EmployeeCode], [u].[FullName], [u].[IsActive], [u].[Password], [u].[Phone], [u].[ReportsToId], [u].[Role], [u].[State], [u].[Territory], [u].[UpdatedAt], [u].[Username], [u0].[Id], [u0].[AllowedFeatures], [u0].[Branch], [u0].[City], [u0].[CreatedAt], [u0].[Department], [u0].[Designation], [u0].[DesignationLevel], [u0].[Email], [u0].[EmployeeCode], [u0].[FullName], [u0].[IsActive], [u0].[Password], [u0].[Phone], [u0].[ReportsToId], [u0].[Role], [u0].[State], [u0].[Territory], [u0].[UpdatedAt], [u0].[Username]
      FROM [user_sfa] AS [u]
      LEFT JOIN [user_sfa] AS [u0] ON [u].[ReportsToId] = [u0].[Id]
      ORDER BY [u].[CreatedAt] DESC
info: Microsoft.EntityFrameworkCore.Database.Command[20101]
      Executed DbCommand (25ms) [Parameters=[], CommandType='Text', CommandTimeout='30']
      SELECT [c].[Id], [c].[Address], [c].[AssignedUserId], [c].[City], [c].[Code], [c].[ContactPerson], [c].[CreatedAt], [c].[CreatedByUserId], [c].[CreditLimit], [c].[CustomerType], [c].[Email], [c].[IsActive], [c].[Latitude], [c].[Longitude], [c].[Name], [c].[OutstandingBalance], [c].[Phone], [c].[Pincode], [c].[State], [c].[Territory], [c].[UpdatedAt], [u].[Id], [u].[AllowedFeatures], [u].[Branch], [u].[City], [u].[CreatedAt], [u].[Department], [u].[Designation], [u].[DesignationLevel], [u].[Email], [u].[EmployeeCode], [u].[FullName], [u].[IsActive], [u].[Password], [u].[Phone], [u].[ReportsToId], [u].[Role], [u].[State], [u].[Territory], [u].[UpdatedAt], [u].[Username], [u0].[Id], [u0].[AllowedFeatures], [u0].[Branch], [u0].[City], [u0].[CreatedAt], [u0].[Department], [u0].[Designation], [u0].[DesignationLevel], [u0].[Email], [u0].[EmployeeCode], [u0].[FullName], [u0].[IsActive], [u0].[Password], [u0].[Phone], [u0].[ReportsToId], [u0].[Role], [u0].[State], [u0].[Territory], [u0].[UpdatedAt], [u0].[Username]
      FROM [customer_sfa] AS [c]
      LEFT JOIN [user_sfa] AS [u] ON [c].[AssignedUserId] = [u].[Id]
      LEFT JOIN [user_sfa] AS [u0] ON [c].[CreatedByUserId] = [u0].[Id]
      ORDER BY [c].[CreatedAt] DESC
info: Microsoft.EntityFrameworkCore.Database.Command[20101]
      Executed DbCommand (3ms) [Parameters=[], CommandType='Text', CommandTimeout='30']
      SELECT [u].[Id], [u].[ReportsToId]
      FROM [user_sfa] AS [u]
info: Microsoft.EntityFrameworkCore.Database.Command[20101]
      Executed DbCommand (25ms) [Parameters=[], CommandType='Text', CommandTimeout='30']
      SELECT [p].[Id], [p].[BoxCoverage], [p].[Category], [p].[Code], [p].[CreatedAt], [p].[DealerPrice], [p].[Description], [p].[Finish], [p].[ImageUrl], [p].[IsActive], [p].[IsDiscontinued], [p].[IsNewArrival], [p].[Name], [p].[PiecesPerBox], [p].[Price], [p].[Shade], [p].[Size], [p].[Thickness], [p].[Type], [p].[Unit], [p].[UpdatedAt]
      FROM [product_sfa] AS [p]
      WHERE [p].[IsDiscontinued] = CAST(0 AS bit)
      ORDER BY [p].[Name]
info: Microsoft.EntityFrameworkCore.Database.Command[20101]
      Executed DbCommand (15ms) [Parameters=[], CommandType='Text', CommandTimeout='30']
      SELECT [o].[Id], [o].[CreatedAt], [o].[CreatedByUserId], [o].[CustomerId], [o].[DiscountAmount], [o].[DiscountPercent], [o].[OrderDate], [o].[OrderNumber], [o].[Remarks], [o].[Status], [o].[SubTotal], [o].[TotalAmount], [o].[UpdatedAt], [c].[Id], [c].[Address], [c].[AssignedUserId], [c].[City], [c].[Code], [c].[ContactPerson], [c].[CreatedAt], [c].[CreatedByUserId], [c].[CreditLimit], [c].[CustomerType], [c].[Email], [c].[IsActive], [c].[Latitude], [c].[Longitude], [c].[Name], [c].[OutstandingBalance], [c].[Phone], [c].[Pincode], [c].[State], [c].[Territory], [c].[UpdatedAt], [o0].[Id], [o0].[DiscountPercent], [o0].[Finish], [o0].[LineTotal], [o0].[OrderId], [o0].[ProductId], [o0].[ProductName], [o0].[Quantity], [o0].[Size], [o0].[Type], [o0].[Unit], [o0].[UnitPrice]
      FROM [order_sfa] AS [o]
      INNER JOIN [customer_sfa] AS [c] ON [o].[CustomerId] = [c].[Id]
      LEFT JOIN [order_item_sfa] AS [o0] ON [o].[Id] = [o0].[OrderId]
      WHERE [o].[CreatedByUserId] IN (3, 7)
      ORDER BY [o].[OrderDate] DESC, [o].[Id], [c].[Id]
info: Microsoft.EntityFrameworkCore.Database.Command[20101]
      Executed DbCommand (6ms) [Parameters=[], CommandType='Text', CommandTimeout='30']
      SELECT [u].[Id], [u].[ReportsToId]
      FROM [user_sfa] AS [u]
info: Microsoft.EntityFrameworkCore.Database.Command[20101]
      Executed DbCommand (4ms) [Parameters=[], CommandType='Text', CommandTimeout='30']
      SELECT [u].[Id], [u].[FullName], [u].[Username], [u].[Designation], [u].[DesignationLevel], [u].[ReportsToId]
      FROM [user_sfa] AS [u]
      WHERE [u].[Id] IN (3, 7)
      ORDER BY [u].[DesignationLevel], [u].[FullName]
info: Microsoft.EntityFrameworkCore.Database.Command[20101]
      Executed DbCommand (9ms) [Parameters=[], CommandType='Text', CommandTimeout='30']
      SELECT [p].[Id], [p].[BoxCoverage], [p].[Category], [p].[Code], [p].[CreatedAt], [p].[DealerPrice], [p].[Description], [p].[Finish], [p].[ImageUrl], [p].[IsActive], [p].[IsDiscontinued], [p].[IsNewArrival], [p].[Name], [p].[PiecesPerBox], [p].[Price], [p].[Shade], [p].[Size], [p].[Thickness], [p].[Type], [p].[Unit], [p].[UpdatedAt]
      FROM [product_sfa] AS [p]
      WHERE [p].[IsDiscontinued] = CAST(0 AS bit)
      ORDER BY [p].[Name]
info: Microsoft.EntityFrameworkCore.Database.Command[20101]
      Executed DbCommand (10ms) [Parameters=[], CommandType='Text', CommandTimeout='30']
      SELECT [u].[Id], [u].[AllowedFeatures], [u].[Branch], [u].[City], [u].[CreatedAt], [u].[Department], [u].[Designation], [u].[DesignationLevel], [u].[Email], [u].[EmployeeCode], [u].[FullName], [u].[IsActive], [u].[Password], [u].[Phone], [u].[ReportsToId], [u].[Role], [u].[State], [u].[Territory], [u].[UpdatedAt], [u].[Username], [u0].[Id], [u0].[AllowedFeatures], [u0].[Branch], [u0].[City], [u0].[CreatedAt], [u0].[Department], [u0].[Designation], [u0].[DesignationLevel], [u0].[Email], [u0].[EmployeeCode], [u0].[FullName], [u0].[IsActive], [u0].[Password], [u0].[Phone], [u0].[ReportsToId], [u0].[Role], [u0].[State], [u0].[Territory], [u0].[UpdatedAt], [u0].[Username]
      FROM [user_sfa] AS [u]
      LEFT JOIN [user_sfa] AS [u0] ON [u].[ReportsToId] = [u0].[Id]
      ORDER BY [u].[CreatedAt] DESC
info: Microsoft.EntityFrameworkCore.Database.Command[20101]
      Executed DbCommand (17ms) [Parameters=[], CommandType='Text', CommandTimeout='30']
      SELECT [u].[Id], [u].[ReportsToId]
      FROM [user_sfa] AS [u]
info: Microsoft.EntityFrameworkCore.Database.Command[20101]
      Executed DbCommand (19ms) [Parameters=[], CommandType='Text', CommandTimeout='30']
      SELECT [c].[Id], [c].[Address], [c].[AssignedUserId], [c].[City], [c].[Code], [c].[ContactPerson], [c].[CreatedAt], [c].[CreatedByUserId], [c].[CreditLimit], [c].[CustomerType], [c].[Email], [c].[IsActive], [c].[Latitude], [c].[Longitude], [c].[Name], [c].[OutstandingBalance], [c].[Phone], [c].[Pincode], [c].[State], [c].[Territory], [c].[UpdatedAt], [u].[Id], [u].[AllowedFeatures], [u].[Branch], [u].[City], [u].[CreatedAt], [u].[Department], [u].[Designation], [u].[DesignationLevel], [u].[Email], [u].[EmployeeCode], [u].[FullName], [u].[IsActive], [u].[Password], [u].[Phone], [u].[ReportsToId], [u].[Role], [u].[State], [u].[Territory], [u].[UpdatedAt], [u].[Username], [u0].[Id], [u0].[AllowedFeatures], [u0].[Branch], [u0].[City], [u0].[CreatedAt], [u0].[Department], [u0].[Designation], [u0].[DesignationLevel], [u0].[Email], [u0].[EmployeeCode], [u0].[FullName], [u0].[IsActive], [u0].[Password], [u0].[Phone], [u0].[ReportsToId], [u0].[Role], [u0].[State], [u0].[Territory], [u0].[UpdatedAt], [u0].[Username]
      FROM [customer_sfa] AS [c]
      LEFT JOIN [user_sfa] AS [u] ON [c].[AssignedUserId] = [u].[Id]
      LEFT JOIN [user_sfa] AS [u0] ON [c].[CreatedByUserId] = [u0].[Id]
      ORDER BY [c].[CreatedAt] DESC
info: Microsoft.EntityFrameworkCore.Database.Command[20101]
      Executed DbCommand (18ms) [Parameters=[], CommandType='Text', CommandTimeout='30']
      SELECT [o].[Id], [o].[CreatedAt], [o].[CreatedByUserId], [o].[CustomerId], [o].[DiscountAmount], [o].[DiscountPercent], [o].[OrderDate], [o].[OrderNumber], [o].[Remarks], [o].[Status], [o].[SubTotal], [o].[TotalAmount], [o].[UpdatedAt], [c].[Id], [c].[Address], [c].[AssignedUserId], [c].[City], [c].[Code], [c].[ContactPerson], [c].[CreatedAt], [c].[CreatedByUserId], [c].[CreditLimit], [c].[CustomerType], [c].[Email], [c].[IsActive], [c].[Latitude], [c].[Longitude], [c].[Name], [c].[OutstandingBalance], [c].[Phone], [c].[Pincode], [c].[State], [c].[Territory], [c].[UpdatedAt], [o0].[Id], [o0].[DiscountPercent], [o0].[Finish], [o0].[LineTotal], [o0].[OrderId], [o0].[ProductId], [o0].[ProductName], [o0].[Quantity], [o0].[Size], [o0].[Type], [o0].[Unit], [o0].[UnitPrice]
      FROM [order_sfa] AS [o]
      INNER JOIN [customer_sfa] AS [c] ON [o].[CustomerId] = [c].[Id]
      LEFT JOIN [order_item_sfa] AS [o0] ON [o].[Id] = [o0].[OrderId]
      WHERE [o].[CreatedByUserId] IN (3, 7)
      ORDER BY [o].[OrderDate] DESC, [o].[Id], [c].[Id]
info: Microsoft.EntityFrameworkCore.Database.Command[20101]
      Executed DbCommand (1ms) [Parameters=[], CommandType='Text', CommandTimeout='30']
      SELECT [u].[Id], [u].[ReportsToId]
      FROM [user_sfa] AS [u]
info: Microsoft.EntityFrameworkCore.Database.Command[20101]
      Executed DbCommand (5ms) [Parameters=[], CommandType='Text', CommandTimeout='30']
      SELECT [u].[Id], [u].[FullName], [u].[Username], [u].[Designation], [u].[DesignationLevel], [u].[ReportsToId]
      FROM [user_sfa] AS [u]
      WHERE [u].[Id] IN (3, 7)
      ORDER BY [u].[DesignationLevel], [u].[FullName]
